\BOOKMARK [0][-]{chapter.1}{\376\377\000M\000\324\000\040\000T\036\242\000,\000\040\000K\000H\036\242\000O\000\040\000S\000\301\000T\000\040\000V\000\300\000\040\000X\000\301\000C\000\040\001\020\036\312\000N\000H\000\040\000Y\000\312\000U\000\040\000C\036\246\000U\000\040\000B\000\300\000I\000\040\000T\000O\000\301\000N}{}% 1
\BOOKMARK [1][-]{section.1.1}{\376\377\001\020\036\267\000t\000\040\000v\036\245\000n\000\040\001\021\036\301}{chapter.1}% 2
\BOOKMARK [1][-]{section.1.2}{\376\377\000M\036\345\000c\000\040\000t\000i\000\352\000u\000\040\000v\000\340\000\040\000p\000h\036\241\000m\000\040\000v\000i\000\040\001\021\036\301\000\040\000t\000\340\000i}{chapter.1}% 3
\BOOKMARK [1][-]{section.1.3}{\376\377\001\020\036\313\000n\000h\000\040\000h\001\260\036\333\000n\000g\000\040\000g\000i\036\243\000i\000\040\000p\000h\000\341\000p}{chapter.1}% 4
\BOOKMARK [1][-]{section.1.4}{\376\377\000B\036\321\000\040\000c\036\345\000c\000\040\000b\000\340\000i\000\040\000t\036\255\000p\000\040\000l\036\333\000n}{chapter.1}% 5
\BOOKMARK [0][-]{chapter.2}{\376\377\000K\000I\036\276\000N\000\040\000T\000H\036\350\000C\000\040\000\301\000P\000\040\000D\036\344\000N\000G}{}% 6
\BOOKMARK [1][-]{section.2.1}{\376\377\000P\000h\000\342\000n\000\040\000t\000\355\000c\000h\000\040\000v\000\340\000\040\000t\000h\000i\036\277\000t\000\040\000k\036\277\000\040\000h\036\307\000\040\000t\000h\036\321\000n\000g}{chapter.2}% 7
\BOOKMARK [2][-]{subsection.2.1.1}{\376\377\000B\000i\036\303\000u\000\040\001\021\036\323\000\040\000p\000h\000\342\000n\000\040\000c\036\245\000p\000\040\000c\000h\036\351\000c\000\040\000n\001\003\000n\000g\000\040\000\050\000B\000F\000D\000\040\000-\000\040\000B\000u\000s\000s\000i\000n\000e\000s\000s\000\040\000F\000u\000n\000c\000t\000i\000o\000n\000\040\000D\000i\000a\000g\000r\000a\000m\000\051}{section.2.1}% 8
\BOOKMARK [2][-]{subsection.2.1.2}{\376\377\000B\000i\036\303\000u\000\040\001\021\036\323\000\040\000l\000u\036\323\000n\000g\000\040\000d\036\357\000\040\000l\000i\036\307\000u\000\040\000\050\000D\000F\000D\000\040\000-\000\040\000D\000a\000t\000a\000\040\000F\000l\000o\000w\000\040\000D\000i\000a\000g\000r\000a\000m\000\051}{section.2.1}% 9
\BOOKMARK [1][-]{section.2.2}{\376\377\000C\001\241\000\040\000s\036\337\000\040\000d\036\357\000\040\000l\000i\036\307\000u}{chapter.2}% 10
\BOOKMARK [2][-]{subsection.2.2.1}{\376\377\000G\000i\036\333\000i\000\040\000t\000h\000i\036\307\000u}{section.2.2}% 11
\BOOKMARK [2][-]{subsection.2.2.2}{\376\377\000\040\000K\000i\036\277\000n\000\040\000t\000h\036\351\000c\000\040\000\341\000p\000\040\000d\036\345\000n\000g}{section.2.2}% 12
\BOOKMARK [1][-]{section.2.3}{\376\377\000N\000g\000\364\000n\000\040\000n\000g\036\357\000\040\000l\036\255\000p\000\040\000t\000r\000\354\000n\000h}{chapter.2}% 13
\BOOKMARK [2][-]{subsection.2.3.1}{\376\377\000J\000a\000v\000a}{section.2.3}% 14
\BOOKMARK [2][-]{subsection.2.3.2}{\376\377\000J\000a\000v\000a\000s\000c\000r\000i\000p\000t}{section.2.3}% 15
\BOOKMARK [1][-]{section.2.4}{\376\377\000F\000r\000a\000m\000e\000w\000o\000r\000k}{chapter.2}% 16
\BOOKMARK [2][-]{subsection.2.4.1}{\376\377\000S\000p\000r\000i\000n\000g\000\040\000B\000o\000o\000t}{section.2.4}% 17
\BOOKMARK [2][-]{subsection.2.4.2}{\376\377\000R\000e\000a\000c\000t}{section.2.4}% 18
\BOOKMARK [1][-]{section.2.5}{\376\377\000\040\000C\000\341\000c\000\040\000c\000\364\000n\000g\000\040\000c\036\345\000\040\000k\000h\000\341\000c}{chapter.2}% 19
\BOOKMARK [2][-]{subsection.2.5.1}{\376\377\000D\000o\000c\000k\000e\000r}{section.2.5}% 20
\BOOKMARK [2][-]{subsection.2.5.2}{\376\377\000C\000l\000o\000u\000d\000i\000n\000a\000r\000y}{section.2.5}% 21
\BOOKMARK [0][-]{chapter.3}{\376\377\000P\000H\000\302\000N\000\040\000T\000\315\000C\000H\000\040\000V\000\300\000\040\000T\000H\000I\036\276\000T\000\040\000K\036\276\000\040\000H\036\306\000\040\000T\000H\036\320\000N\000G}{}% 22
\BOOKMARK [1][-]{section.3.1}{\376\377\000P\000h\000\342\000n\000\040\000t\000\355\000c\000h\000\040\000t\000h\000i\036\277\000t\000\040\000k\036\277\000\040\000C\000S\000D\000L}{chapter.3}% 23
\BOOK